<?xml version="1.0" encoding="UTF-8"?>
<!-- Generated by org.testng.reporters.JUnitReportReporter -->
<testsuite hostname="PCM-86VN2T3" failures="0" tests="1" name="wtw.TestNG2" time="0.001" errors="0" timestamp="2024-02-23T16:18:12 EST" skipped="0">
  <testcase classname="wtw.TestNG2" name="Function1" time="0.001"/>
  <system-out/>
</testsuite> <!-- wtw.TestNG2 -->
